<?xml version="1.0" encoding="UTF-8" ?>
<testsuite tests="68" failures="0" name="RunCucumberTest" time="0.462" errors="1" skipped="0">
  <properties>
    <property name="java.runtime.name" value="OpenJDK Runtime Environment"/>
    <property name="java.vm.version" value="11.0.17+8"/>
    <property name="sun.boot.library.path" value="C:\Program Files (x86)\java\jdk-11.0.17+8\bin"/>
    <property name="maven.multiModuleProjectDirectory" value="C:\Users\aandre\IdeaProjects\CucumberTestCharacter"/>
    <property name="java.vm.vendor" value="Eclipse Adoptium"/>
    <property name="java.vendor.url" value="https://adoptium.net/"/>
    <property name="guice.disable.misplaced.annotation.check" value="true"/>
    <property name="path.separator" value=";"/>
    <property name="java.vm.name" value="OpenJDK 64-Bit Server VM"/>
    <property name="sun.os.patch.level" value=""/>
    <property name="user.script" value=""/>
    <property name="user.country" value="FR"/>
    <property name="sun.java.launcher" value="SUN_STANDARD"/>
    <property name="java.vm.specification.name" value="Java Virtual Machine Specification"/>
    <property name="user.dir" value="C:\Users\aandre\IdeaProjects\CucumberTestCharacter"/>
    <property name="java.vm.compressedOopsMode" value="Zero based"/>
    <property name="java.runtime.version" value="11.0.17+8"/>
    <property name="java.awt.graphicsenv" value="sun.awt.Win32GraphicsEnvironment"/>
    <property name="os.arch" value="amd64"/>
    <property name="java.io.tmpdir" value="C:\Users\aandre\AppData\Local\Temp\"/>
    <property name="line.separator" value="
"/>
    <property name="java.vm.specification.vendor" value="Oracle Corporation"/>
    <property name="user.variant" value=""/>
    <property name="os.name" value="Windows 10"/>
    <property name="classworlds.conf" value="C:\Program Files (x86)\maven\apache-maven-3.8.7\bin\m2.conf"/>
    <property name="sun.jnu.encoding" value="Cp1252"/>
    <property name="java.library.path" value="C:\Program Files (x86)\java\jdk-11.0.17+8\bin;C:\Windows\Sun\Java\bin;C:\Windows\system32;C:\Windows;C:\Program Files (x86)\java\jdk-11.0.17+8;C:\Program Files (x86)\Common Files\Oracle\Java\javapath;C:\Users\aandre\AppData\Local\Programs\Python\Python311\Lib;C:\Windows\system32;C:\Windows;C:\Windows\System32\Wbem;C:\Windows\System32\WindowsPowerShell\v1.0\;C:\Windows\System32\OpenSSH\;C:\ProgramData\chocolatey\bin;C:\Program Files\nodejs\;C:\Program Files (x86)\java\jdk-11.0.17+8;C:\Program Files (x86)\java\jdk-11.0.17+8\bin;C:\Users\aandre\scoop\shims;C:\Users\aandre\AppData\Local\Programs\Python\Python311\Scripts\;C:\Users\aandre\AppData\Local\Programs\Python\Python311\;C:\Users\aandre\AppData\Local\Microsoft\WindowsApps;C:\Users\aandre\AppData\Local\Programs\Git\cmd;C:\Users\aandre\AppData\Local\Programs\Microsoft VS Code\bin;C:\Users\aandre\AppData\Roaming\npm;C:\Program Files (x86)\maven\apache-maven-3.8.7\bin;;."/>
    <property name="maven.conf" value="C:\Program Files (x86)\maven\apache-maven-3.8.7/conf"/>
    <property name="jdk.debug" value="release"/>
    <property name="java.class.version" value="55.0"/>
    <property name="java.specification.name" value="Java Platform API Specification"/>
    <property name="sun.management.compiler" value="HotSpot 64-Bit Tiered Compilers"/>
    <property name="os.version" value="10.0"/>
    <property name="library.jansi.path" value="C:\Program Files (x86)\maven\apache-maven-3.8.7\lib\jansi-native"/>
    <property name="user.home" value="C:\Users\aandre"/>
    <property name="user.timezone" value="Europe/Paris"/>
    <property name="java.awt.printerjob" value="sun.awt.windows.WPrinterJob"/>
    <property name="file.encoding" value="Cp1252"/>
    <property name="java.specification.version" value="11"/>
    <property name="user.name" value="aandre"/>
    <property name="java.class.path" value="C:\Program Files (x86)\maven\apache-maven-3.8.7\boot\plexus-classworlds-2.6.0.jar"/>
    <property name="java.vm.specification.version" value="11"/>
    <property name="sun.arch.data.model" value="64"/>
    <property name="sun.java.command" value="org.codehaus.plexus.classworlds.launcher.Launcher test"/>
    <property name="java.home" value="C:\Program Files (x86)\java\jdk-11.0.17+8"/>
    <property name="user.language" value="fr"/>
    <property name="java.specification.vendor" value="Oracle Corporation"/>
    <property name="awt.toolkit" value="sun.awt.windows.WToolkit"/>
    <property name="java.vm.info" value="mixed mode"/>
    <property name="java.version" value="11.0.17"/>
    <property name="java.vendor" value="Eclipse Adoptium"/>
    <property name="sun.stderr.encoding" value="cp850"/>
    <property name="maven.home" value="C:\Program Files (x86)\maven\apache-maven-3.8.7"/>
    <property name="file.separator" value="\"/>
    <property name="java.version.date" value="2022-10-18"/>
    <property name="java.vendor.url.bug" value="https://github.com/adoptium/adoptium-support/issues"/>
    <property name="sun.io.unicode.encoding" value="UnicodeLittle"/>
    <property name="sun.cpu.endian" value="little"/>
    <property name="java.vendor.version" value="Temurin-11.0.17+8"/>
    <property name="sun.stdout.encoding" value="cp850"/>
    <property name="sun.desktop" value="windows"/>
    <property name="sun.cpu.isalist" value="amd64"/>
  </properties>
  <testcase classname="test feature character #1" name="Test &quot;" time="0.118"/>
  <testcase classname="test feature character #1" name="Test &apos;" time="0.009"/>
  <testcase classname="test feature character #1" name="Test ` echo test `" time="0.012"/>
  <testcase classname="test feature character #1" name="Test $test" time="0.01"/>
  <testcase classname="test feature character #1" name="Test &amp; echo toto" time="0.008"/>
  <testcase classname="test feature character #1" name="Test ; echo toto" time="0.011"/>
  <testcase classname="test feature character #1" name="Test | echo toto" time="0.005"/>
  <testcase classname="test feature character #1" name="Test echo test &lt; /tmp" time="0.006"/>
  <testcase classname="test feature character #1" name="Test echo test &gt; /tmp" time="0.006"/>
  <testcase classname="test feature character #1" name="Test ^" time="0.008"/>
  <testcase classname="test feature character #1" name="Test %test%" time="0.005"/>
  <testcase classname="test feature character #1" name="Test { echo test }" time="0.007"/>
  <testcase classname="test feature character #1" name="Test \" time="0.006"/>
  <testcase classname="test feature character #1" name="Test /" time="0.007"/>
  <testcase classname="test feature character #1" name="Test $(echo test)" time="0.006"/>
  <testcase classname="test feature character #1" name="Test #test" time="0.004"/>
  <testcase classname="test feature character #1" name="Test ð¨±" time="0.006"/>
  <testcase classname="test feature character #1" name="Test ðŸ‘©â€â¤ï¸â€ðŸ’‹â€ðŸ‘¨" time="0.007"/>
  <testcase classname="test feature character #1" name="Test [test]" time="0.002"/>
  <testcase classname="test feature character #1" name="Test ^^" time="0.012"/>
  <testcase classname="test feature character #1" name="Test &quot;test&quot;" time="0.004"/>
  <testcase classname="test feature character #1" name="Test &apos;test&apos;" time="0.004"/>
  <testcase classname="test feature character #1" name="Test \$test" time="0.004"/>
  <testcase classname="test feature character #1" name="Test !" time="0.003"/>
  <testcase classname="test feature character #1" name="Test ?" time="0.003"/>
  <testcase classname="test feature character #1" name="Test +-_.~@â‚¬Ã§Ã©=Ã Ã»" time="0.046">
    <error message="The step &apos;This +-_.~@â‚¬Ã§Ã©=Ã Ã» works&apos; is undefined.
You can implement this step using the snippet(s) below:

@Given(&quot;This +-_.~@â‚¬Ã§Ã©=Ã Ã» works&quot;)
public void this_â‚¬Ã§Ã©_Ã Ã»_works() {
    // Write code here that turns the phrase above into concrete actions
    throw new io.cucumber.java.PendingException();
}
" type="io.cucumber.junit.UndefinedStepException">io.cucumber.junit.UndefinedStepException: The step &apos;This +-_.~@â‚¬Ã§Ã©=Ã Ã» works&apos; is undefined.
You can implement this step using the snippet(s) below:

@Given(&quot;This +-_.~@â‚¬Ã§Ã©=Ã Ã» works&quot;)
public void this_â‚¬Ã§Ã©_Ã Ã»_works() {
    // Write code here that turns the phrase above into concrete actions
    throw new io.cucumber.java.PendingException();
}

</error>
    <system-out>
Scenario: Test +-_.~@Ã¢â€šÂ¬ÃƒÂ§ÃƒÂ©=ÃƒÂ ÃƒÂ»     &amp;#27;[90m# src/test/java/character.feature:79&amp;#27;[0m
  &amp;#27;[33mGiven &amp;#27;[0m&amp;#27;[33mThis +-_.~@Ã¢â€šÂ¬ÃƒÂ§ÃƒÂ©=ÃƒÂ ÃƒÂ» works&amp;#27;[0m
</system-out>
  </testcase>
  <testcase classname="test feature character #1" name="Test *" time="0.003"/>
  <testcase classname="test feature character #1" name="Test ," time="0.004"/>
  <testcase classname="test feature character #2" name="Test &quot;" time="0.005"/>
  <testcase classname="test feature character #2" name="Test &apos;" time="0.003"/>
  <testcase classname="test feature character #2" name="Test ` echo test `" time="0.005"/>
  <testcase classname="test feature character #2" name="Test $test" time="0.002"/>
  <testcase classname="test feature character #2" name="Test &amp; echo toto" time="0.004"/>
  <testcase classname="test feature character #2" name="Test ; echo toto" time="0.004"/>
  <testcase classname="test feature character #2" name="Test | echo toto" time="0.005"/>
  <testcase classname="test feature character #2" name="Test echo test &lt; /tmp" time="0.003"/>
  <testcase classname="test feature character #2" name="Test echo test &gt; /tmp" time="0.003"/>
  <testcase classname="test feature character #2" name="Test ^" time="0.003"/>
  <testcase classname="test feature character #2" name="Test %test%" time="0.005"/>
  <testcase classname="test feature character #2" name="Test { echo test }" time="0.002"/>
  <testcase classname="test feature character #2" name="Test \" time="0.004"/>
  <testcase classname="test feature character #2" name="Test /" time="0.003"/>
  <testcase classname="test feature character #2" name="Test $(echo test)" time="0.004"/>
  <testcase classname="test feature character #2" name="Test #test" time="0.003"/>
  <testcase classname="test feature character #2" name="Test ð¨±" time="0.003"/>
  <testcase classname="test feature character #2" name="Test ðŸ‘©â€â¤ï¸â€ðŸ’‹â€ðŸ‘¨" time="0.003"/>
  <testcase classname="test feature character #2" name="Test [test]" time="0.004"/>
  <testcase classname="test feature character #2" name="Test ^^" time="0.004"/>
  <testcase classname="test feature character #2" name="Test &quot;test&quot;" time="0.002"/>
  <testcase classname="test feature character #2" name="Test &apos;test&apos;" time="0.003"/>
  <testcase classname="test feature character #2" name="Test \$test" time="0.004"/>
  <testcase classname="test feature character #2" name="Test !" time="0.004"/>
  <testcase classname="test feature character #2" name="Test ?" time="0.001"/>
  <testcase classname="test feature character #2" name="Test *" time="0.004"/>
  <testcase classname="test feature character #2" name="Test ," time="0.003"/>
  <testcase classname="test feature character #2" name="Test ." time="0.003"/>
  <testcase classname="test feature character #2" name="Test +" time="0.005"/>
  <testcase classname="test feature character #2" name="Test -" time="0.003"/>
  <testcase classname="test feature character #2" name="Test _" time="0.003"/>
  <testcase classname="test feature character #2" name="Test ~" time="0.003"/>
  <testcase classname="test feature character #2" name="Test @" time="0.004"/>
  <testcase classname="test feature character #2" name="Test â‚¬" time="0.003"/>
  <testcase classname="test feature character #2" name="Test Ã§" time="0.003"/>
  <testcase classname="test feature character #2" name="Test Ã©" time="0.003"/>
  <testcase classname="test feature character #2" name="Test =" time="0.004"/>
  <testcase classname="test feature character #2" name="Test Ã " time="0.003"/>
  <testcase classname="test feature character #2" name="Test Ã»" time="0.003"/>
  <testcase classname="test feature character #2" name="Test ./test" time="0.003"/>
</testsuite>