<?xml version="1.0" encoding="UTF-8" ?>
<testsuite tests="13" failures="0" name="RunCucumberTest" time="0.136" errors="0" skipped="0">
  <properties>
[...]
</properties>
  <testcase classname="test" name="Test &quot;,Test &apos;,Test `,Test $,Test &amp;,Test ;,Test |,Test &lt;,Test ^,Test %,Test {},Test &gt;" time="0.094"/>
  <testcase classname="test" name="Test &quot;" time="0.002"/>
  <testcase classname="test" name="Test &apos;" time="0.004"/>
  <testcase classname="test" name="Test `" time="0.004"/>
  <testcase classname="test" name="Test $" time="0.004"/>
  <testcase classname="test" name="Test &amp;" time="0.004"/>
  <testcase classname="test" name="Test ;" time="0.003"/>
  <testcase classname="test" name="Test |" time="0.003"/>
  <testcase classname="test" name="Test &lt;" time="0.005"/>
  <testcase classname="test" name="Test ^" time="0.003"/>
  <testcase classname="test" name="Test %" time="0.004"/>
  <testcase classname="test" name="Test {}" time="0.003"/>
  <testcase classname="test" name="Test &gt;" time="0.003"/>
</testsuite>