<?xml version="1.0" encoding="UTF-8" ?>
<testsuite tests="68" failures="0" name="RunCucumberTest" time="0.462" errors="1" skipped="0">
  <properties>
[...]
</properties>
  <testcase classname="test feature character #1" name="Test &quot;" time="0.118"/>
  <testcase classname="test feature character #1" name="Test &apos;" time="0.009"/>
  <testcase classname="test feature character #1" name="Test ` echo test `" time="0.012"/>
  <testcase classname="test feature character #1" name="Test $test" time="0.01"/>
  <testcase classname="test feature character #1" name="Test &amp; echo toto" time="0.008"/>
  <testcase classname="test feature character #1" name="Test ; echo toto" time="0.011"/>
  <testcase classname="test feature character #1" name="Test | echo toto" time="0.005"/>
  <testcase classname="test feature character #1" name="Test echo test &lt; /tmp" time="0.006"/>
  <testcase classname="test feature character #1" name="Test echo test &gt; /tmp" time="0.006"/>
  <testcase classname="test feature character #1" name="Test ^" time="0.008"/>
  <testcase classname="test feature character #1" name="Test %test%" time="0.005"/>
  <testcase classname="test feature character #1" name="Test { echo test }" time="0.007"/>
  <testcase classname="test feature character #1" name="Test \" time="0.006"/>
  <testcase classname="test feature character #1" name="Test /" time="0.007"/>
  <testcase classname="test feature character #1" name="Test $(echo test)" time="0.006"/>
  <testcase classname="test feature character #1" name="Test #test" time="0.004"/>
  <testcase classname="test feature character #1" name="Test 𨱏" time="0.006"/>
  <testcase classname="test feature character #1" name="Test 👩‍❤️‍💋‍👨" time="0.007"/>
  <testcase classname="test feature character #1" name="Test [test]" time="0.002"/>
  <testcase classname="test feature character #1" name="Test ^^" time="0.012"/>
  <testcase classname="test feature character #1" name="Test &quot;test&quot;" time="0.004"/>
  <testcase classname="test feature character #1" name="Test &apos;test&apos;" time="0.004"/>
  <testcase classname="test feature character #1" name="Test \$test" time="0.004"/>
  <testcase classname="test feature character #1" name="Test !" time="0.003"/>
  <testcase classname="test feature character #1" name="Test ?" time="0.003"/>
  <testcase classname="test feature character #1" name="Test +-_.~@€çé=àû" time="0.046">
    <error message="The step &apos;This +-_.~@€çé=àû works&apos; is undefined.
You can implement this step using the snippet(s) below:

@Given(&quot;This +-_.~@€çé=àû works&quot;)
public void this_€çé_àû_works() {
    // Write code here that turns the phrase above into concrete actions
    throw new io.cucumber.java.PendingException();
}
" type="io.cucumber.junit.UndefinedStepException">io.cucumber.junit.UndefinedStepException: The step &apos;This +-_.~@€çé=àû works&apos; is undefined.
You can implement this step using the snippet(s) below:

@Given(&quot;This +-_.~@€çé=àû works&quot;)
public void this_€çé_àû_works() {
    // Write code here that turns the phrase above into concrete actions
    throw new io.cucumber.java.PendingException();
}

</error>
    <system-out>
Scenario: Test +-_.~@â‚¬Ã§Ã©=Ã Ã»     &amp;#27;[90m# src/test/java/character.feature:79&amp;#27;[0m
  &amp;#27;[33mGiven &amp;#27;[0m&amp;#27;[33mThis +-_.~@â‚¬Ã§Ã©=Ã Ã» works&amp;#27;[0m
</system-out>
  </testcase>
  <testcase classname="test feature character #1" name="Test *" time="0.003"/>
  <testcase classname="test feature character #1" name="Test ," time="0.004"/>
  <testcase classname="test feature character #2" name="Test &quot;" time="0.005"/>
  <testcase classname="test feature character #2" name="Test &apos;" time="0.003"/>
  <testcase classname="test feature character #2" name="Test ` echo test `" time="0.005"/>
  <testcase classname="test feature character #2" name="Test $test" time="0.002"/>
  <testcase classname="test feature character #2" name="Test &amp; echo toto" time="0.004"/>
  <testcase classname="test feature character #2" name="Test ; echo toto" time="0.004"/>
  <testcase classname="test feature character #2" name="Test | echo toto" time="0.005"/>
  <testcase classname="test feature character #2" name="Test echo test &lt; /tmp" time="0.003"/>
  <testcase classname="test feature character #2" name="Test echo test &gt; /tmp" time="0.003"/>
  <testcase classname="test feature character #2" name="Test ^" time="0.003"/>
  <testcase classname="test feature character #2" name="Test %test%" time="0.005"/>
  <testcase classname="test feature character #2" name="Test { echo test }" time="0.002"/>
  <testcase classname="test feature character #2" name="Test \" time="0.004"/>
  <testcase classname="test feature character #2" name="Test /" time="0.003"/>
  <testcase classname="test feature character #2" name="Test $(echo test)" time="0.004"/>
  <testcase classname="test feature character #2" name="Test #test" time="0.003"/>
  <testcase classname="test feature character #2" name="Test 𨱏" time="0.003"/>
  <testcase classname="test feature character #2" name="Test 👩‍❤️‍💋‍👨" time="0.003"/>
  <testcase classname="test feature character #2" name="Test [test]" time="0.004"/>
  <testcase classname="test feature character #2" name="Test ^^" time="0.004"/>
  <testcase classname="test feature character #2" name="Test &quot;test&quot;" time="0.002"/>
  <testcase classname="test feature character #2" name="Test &apos;test&apos;" time="0.003"/>
  <testcase classname="test feature character #2" name="Test \$test" time="0.004"/>
  <testcase classname="test feature character #2" name="Test !" time="0.004"/>
  <testcase classname="test feature character #2" name="Test ?" time="0.001"/>
  <testcase classname="test feature character #2" name="Test *" time="0.004"/>
  <testcase classname="test feature character #2" name="Test ," time="0.003"/>
  <testcase classname="test feature character #2" name="Test ." time="0.003"/>
  <testcase classname="test feature character #2" name="Test +" time="0.005"/>
  <testcase classname="test feature character #2" name="Test -" time="0.003"/>
  <testcase classname="test feature character #2" name="Test _" time="0.003"/>
  <testcase classname="test feature character #2" name="Test ~" time="0.003"/>
  <testcase classname="test feature character #2" name="Test @" time="0.004"/>
  <testcase classname="test feature character #2" name="Test €" time="0.003"/>
  <testcase classname="test feature character #2" name="Test ç" time="0.003"/>
  <testcase classname="test feature character #2" name="Test é" time="0.003"/>
  <testcase classname="test feature character #2" name="Test =" time="0.004"/>
  <testcase classname="test feature character #2" name="Test à" time="0.003"/>
  <testcase classname="test feature character #2" name="Test û" time="0.003"/>
  <testcase classname="test feature character #2" name="Test ./test" time="0.003"/>
</testsuite>